# JRE version: OpenJDK Runtime Environment Temurin-17.0.11+9 (17.0.11+9) (build 17.0.11+9)
# Java VM: OpenJDK 64-Bit Server VM Temurin-17.0.11+9 (17.0.11+9, mixed mode, tiered, compressed oops, compressed class ptrs, parallel gc, windows-amd64)
GC Precious Log:
 CPUs: 8 total, 8 available
 Memory: 16082M
 Large Page Support: Disabled
 NUMA Support: Disabled
 Compressed Oops: Enabled (32-bit)
 Alignments: Space 512K, Generation 512K, Heap 2M
 Heap Min Capacity: 100M
 Heap Initial Capacity: 100M
 Heap Max Capacity: 1G
 Pre-touch: Disabled
 Parallel Workers: 8
Heap:
 PSYoungGen      total 30208K, used 14001K [0x00000000eab00000, 0x00000000ecb80000, 0x0000000100000000)
  eden space 28160K, 42% used [0x00000000eab00000,0x00000000eb6ad9b0,0x00000000ec680000)
  from space 2048K, 99% used [0x00000000ec980000,0x00000000ecb7ee00,0x00000000ecb80000)
  to   space 2560K, 0% used [0x00000000ec680000,0x00000000ec680000,0x00000000ec900000)
 ParOldGen       total 131584K, used 87853K [0x00000000c0000000, 0x00000000c8080000, 0x00000000eab00000)
  object space 131584K, 66% used [0x00000000c0000000,0x00000000c55cb7c0,0x00000000c8080000)
 Metaspace       used 68807K, committed 70016K, reserved 1114112K
  class space    used 7434K, committed 8000K, reserved 1048576K
GC Heap History (20 events):
Event: 14.924 GC heap before
{Heap before GC invocations=45 (full 5):
 PSYoungGen      total 21504K, used 21440K [0x00000000eab00000, 0x00000000ec780000, 0x0000000100000000)
  eden space 19968K, 100% used [0x00000000eab00000,0x00000000ebe80000,0x00000000ebe80000)
  from space 1536K, 95% used [0x00000000ebe80000,0x00000000ebff0000,0x00000000ec000000)
  to   space 3584K, 0% used [0x00000000ec400000,0x00000000ec400000,0x00000000ec780000)
 ParOldGen       total 131584K, used 82561K [0x00000000c0000000, 0x00000000c8080000, 0x00000000eab00000)
  object space 131584K, 62% used [0x00000000c0000000,0x00000000c50a0428,0x00000000c8080000)
 Metaspace       used 68142K, committed 69376K, reserved 1114112K
  class space    used 7381K, committed 7936K, reserved 1048576K
}
Event: 14.926 GC heap after
{Heap after GC invocations=45 (full 5):
 PSYoungGen      total 24064K, used 2016K [0x00000000eab00000, 0x00000000ec600000, 0x0000000100000000)
  eden space 22016K, 0% used [0x00000000eab00000,0x00000000eab00000,0x00000000ec080000)
  from space 2048K, 98% used [0x00000000ec400000,0x00000000ec5f8010,0x00000000ec600000)
  to   space 2560K, 0% used [0x00000000ec100000,0x00000000ec100000,0x00000000ec380000)
 ParOldGen       total 131584K, used 82561K [0x00000000c0000000, 0x00000000c8080000, 0x00000000eab00000)
  object space 131584K, 62% used [0x00000000c0000000,0x00000000c50a0428,0x00000000c8080000)
 Metaspace       used 68142K, committed 69376K, reserved 1114112K
  class space    used 7381K, committed 7936K, reserved 1048576K
}
Event: 14.973 GC heap before
{Heap before GC invocations=46 (full 5):
 PSYoungGen      total 24064K, used 24032K [0x00000000eab00000, 0x00000000ec600000, 0x0000000100000000)
  eden space 22016K, 100% used [0x00000000eab00000,0x00000000ec080000,0x00000000ec080000)
  from space 2048K, 98% used [0x00000000ec400000,0x00000000ec5f8010,0x00000000ec600000)
  to   space 2560K, 0% used [0x00000000ec100000,0x00000000ec100000,0x00000000ec380000)
 ParOldGen       total 131584K, used 82561K [0x00000000c0000000, 0x00000000c8080000, 0x00000000eab00000)
  object space 131584K, 62% used [0x00000000c0000000,0x00000000c50a0428,0x00000000c8080000)
 Metaspace       used 68322K, committed 69568K, reserved 1114112K
  class space    used 7386K, committed 7936K, reserved 1048576K
}
Event: 14.974 GC heap after
{Heap after GC invocations=46 (full 5):
 PSYoungGen      total 25088K, used 2368K [0x00000000eab00000, 0x00000000ec700000, 0x0000000100000000)
  eden space 22528K, 0% used [0x00000000eab00000,0x00000000eab00000,0x00000000ec100000)
  from space 2560K, 92% used [0x00000000ec100000,0x00000000ec350000,0x00000000ec380000)
  to   space 2560K, 0% used [0x00000000ec480000,0x00000000ec480000,0x00000000ec700000)
 ParOldGen       total 131584K, used 82561K [0x00000000c0000000, 0x00000000c8080000, 0x00000000eab00000)
  object space 131584K, 62% used [0x00000000c0000000,0x00000000c50a0428,0x00000000c8080000)
 Metaspace       used 68322K, committed 69568K, reserved 1114112K
  class space    used 7386K, committed 7936K, reserved 1048576K
}
Event: 14.999 GC heap before
{Heap before GC invocations=47 (full 5):
 PSYoungGen      total 25088K, used 24896K [0x00000000eab00000, 0x00000000ec700000, 0x0000000100000000)
  eden space 22528K, 100% used [0x00000000eab00000,0x00000000ec100000,0x00000000ec100000)
  from space 2560K, 92% used [0x00000000ec100000,0x00000000ec350000,0x00000000ec380000)
  to   space 2560K, 0% used [0x00000000ec480000,0x00000000ec480000,0x00000000ec700000)
 ParOldGen       total 131584K, used 82561K [0x00000000c0000000, 0x00000000c8080000, 0x00000000eab00000)
  object space 131584K, 62% used [0x00000000c0000000,0x00000000c50a0428,0x00000000c8080000)
 Metaspace       used 68326K, committed 69568K, reserved 1114112K
  class space    used 7387K, committed 7936K, reserved 1048576K
}
Event: 15.000 GC heap after
{Heap after GC invocations=47 (full 5):
 PSYoungGen      total 25600K, used 2560K [0x00000000eab00000, 0x00000000ec880000, 0x0000000100000000)
  eden space 23040K, 0% used [0x00000000eab00000,0x00000000eab00000,0x00000000ec180000)
  from space 2560K, 100% used [0x00000000ec480000,0x00000000ec700000,0x00000000ec700000)
  to   space 3072K, 0% used [0x00000000ec180000,0x00000000ec180000,0x00000000ec480000)
 ParOldGen       total 131584K, used 82833K [0x00000000c0000000, 0x00000000c8080000, 0x00000000eab00000)
  object space 131584K, 62% used [0x00000000c0000000,0x00000000c50e4428,0x00000000c8080000)
 Metaspace       used 68326K, committed 69568K, reserved 1114112K
  class space    used 7387K, committed 7936K, reserved 1048576K
}
Event: 15.034 GC heap before
{Heap before GC invocations=48 (full 5):
 PSYoungGen      total 25600K, used 25600K [0x00000000eab00000, 0x00000000ec880000, 0x0000000100000000)
  eden space 23040K, 100% used [0x00000000eab00000,0x00000000ec180000,0x00000000ec180000)
  from space 2560K, 100% used [0x00000000ec480000,0x00000000ec700000,0x00000000ec700000)
  to   space 3072K, 0% used [0x00000000ec180000,0x00000000ec180000,0x00000000ec480000)
 ParOldGen       total 131584K, used 82833K [0x00000000c0000000, 0x00000000c8080000, 0x00000000eab00000)
  object space 131584K, 62% used [0x00000000c0000000,0x00000000c50e4428,0x00000000c8080000)
 Metaspace       used 68345K, committed 69568K, reserved 1114112K
  class space    used 7387K, committed 7936K, reserved 1048576K
}
Event: 15.035 GC heap after
{Heap after GC invocations=48 (full 5):
 PSYoungGen      total 26112K, used 1824K [0x00000000eab00000, 0x00000000ec800000, 0x0000000100000000)
  eden space 23040K, 0% used [0x00000000eab00000,0x00000000eab00000,0x00000000ec180000)
  from space 3072K, 59% used [0x00000000ec180000,0x00000000ec348000,0x00000000ec480000)
  to   space 2560K, 0% used [0x00000000ec580000,0x00000000ec580000,0x00000000ec800000)
 ParOldGen       total 131584K, used 83585K [0x00000000c0000000, 0x00000000c8080000, 0x00000000eab00000)
  object space 131584K, 63% used [0x00000000c0000000,0x00000000c51a0428,0x00000000c8080000)
 Metaspace       used 68345K, committed 69568K, reserved 1114112K
  class space    used 7387K, committed 7936K, reserved 1048576K
}
Event: 15.078 GC heap before
{Heap before GC invocations=49 (full 5):
 PSYoungGen      total 26112K, used 24864K [0x00000000eab00000, 0x00000000ec800000, 0x0000000100000000)
  eden space 23040K, 100% used [0x00000000eab00000,0x00000000ec180000,0x00000000ec180000)
  from space 3072K, 59% used [0x00000000ec180000,0x00000000ec348000,0x00000000ec480000)
  to   space 2560K, 0% used [0x00000000ec580000,0x00000000ec580000,0x00000000ec800000)
 ParOldGen       total 131584K, used 83585K [0x00000000c0000000, 0x00000000c8080000, 0x00000000eab00000)
  object space 131584K, 63% used [0x00000000c0000000,0x00000000c51a0428,0x00000000c8080000)
 Metaspace       used 68404K, committed 69632K, reserved 1114112K
  class space    used 7398K, committed 7936K, reserved 1048576K
}
Event: 15.080 GC heap after
{Heap after GC invocations=49 (full 5):
 PSYoungGen      total 27136K, used 2365K [0x00000000eab00000, 0x00000000ec800000, 0x0000000100000000)
  eden space 24576K, 0% used [0x00000000eab00000,0x00000000eab00000,0x00000000ec300000)
  from space 2560K, 92% used [0x00000000ec580000,0x00000000ec7cf730,0x00000000ec800000)
  to   space 2560K, 0% used [0x00000000ec300000,0x00000000ec300000,0x00000000ec580000)
 ParOldGen       total 131584K, used 83593K [0x00000000c0000000, 0x00000000c8080000, 0x00000000eab00000)
  object space 131584K, 63% used [0x00000000c0000000,0x00000000c51a2428,0x00000000c8080000)
 Metaspace       used 68404K, committed 69632K, reserved 1114112K
  class space    used 7398K, committed 7936K, reserved 1048576K
}
Event: 15.114 GC heap before
{Heap before GC invocations=50 (full 5):
 PSYoungGen      total 27136K, used 26941K [0x00000000eab00000, 0x00000000ec800000, 0x0000000100000000)
  eden space 24576K, 100% used [0x00000000eab00000,0x00000000ec300000,0x00000000ec300000)
  from space 2560K, 92% used [0x00000000ec580000,0x00000000ec7cf730,0x00000000ec800000)
  to   space 2560K, 0% used [0x00000000ec300000,0x00000000ec300000,0x00000000ec580000)
 ParOldGen       total 131584K, used 83593K [0x00000000c0000000, 0x00000000c8080000, 0x00000000eab00000)
  object space 131584K, 63% used [0x00000000c0000000,0x00000000c51a2428,0x00000000c8080000)
 Metaspace       used 68442K, committed 69632K, reserved 1114112K
  class space    used 7399K, committed 7936K, reserved 1048576K
}
Event: 15.116 GC heap after
{Heap after GC invocations=50 (full 5):
 PSYoungGen      total 27136K, used 2206K [0x00000000eab00000, 0x00000000ec980000, 0x0000000100000000)
  eden space 24576K, 0% used [0x00000000eab00000,0x00000000eab00000,0x00000000ec300000)
  from space 2560K, 86% used [0x00000000ec300000,0x00000000ec527b98,0x00000000ec580000)
  to   space 2560K, 0% used [0x00000000ec700000,0x00000000ec700000,0x00000000ec980000)
 ParOldGen       total 131584K, used 83601K [0x00000000c0000000, 0x00000000c8080000, 0x00000000eab00000)
  object space 131584K, 63% used [0x00000000c0000000,0x00000000c51a4428,0x00000000c8080000)
 Metaspace       used 68442K, committed 69632K, reserved 1114112K
  class space    used 7399K, committed 7936K, reserved 1048576K
}
Event: 15.170 GC heap before
{Heap before GC invocations=51 (full 5):
 PSYoungGen      total 27136K, used 26782K [0x00000000eab00000, 0x00000000ec980000, 0x0000000100000000)
  eden space 24576K, 100% used [0x00000000eab00000,0x00000000ec300000,0x00000000ec300000)
  from space 2560K, 86% used [0x00000000ec300000,0x00000000ec527b98,0x00000000ec580000)
  to   space 2560K, 0% used [0x00000000ec700000,0x00000000ec700000,0x00000000ec980000)
 ParOldGen       total 131584K, used 83601K [0x00000000c0000000, 0x00000000c8080000, 0x00000000eab00000)
  object space 131584K, 63% used [0x00000000c0000000,0x00000000c51a4428,0x00000000c8080000)
 Metaspace       used 68554K, committed 69760K, reserved 1114112K
  class space    used 7405K, committed 7936K, reserved 1048576K
}
Event: 15.172 GC heap after
{Heap after GC invocations=51 (full 5):
 PSYoungGen      total 28672K, used 2382K [0x00000000eab00000, 0x00000000ec980000, 0x0000000100000000)
  eden space 26112K, 0% used [0x00000000eab00000,0x00000000eab00000,0x00000000ec480000)
  from space 2560K, 93% used [0x00000000ec700000,0x00000000ec953ba8,0x00000000ec980000)
  to   space 2560K, 0% used [0x00000000ec480000,0x00000000ec480000,0x00000000ec700000)
 ParOldGen       total 131584K, used 83609K [0x00000000c0000000, 0x00000000c8080000, 0x00000000eab00000)
  object space 131584K, 63% used [0x00000000c0000000,0x00000000c51a6428,0x00000000c8080000)
 Metaspace       used 68554K, committed 69760K, reserved 1114112K
  class space    used 7405K, committed 7936K, reserved 1048576K
}
Event: 15.211 GC heap before
{Heap before GC invocations=52 (full 5):
 PSYoungGen      total 28672K, used 28494K [0x00000000eab00000, 0x00000000ec980000, 0x0000000100000000)
  eden space 26112K, 100% used [0x00000000eab00000,0x00000000ec480000,0x00000000ec480000)
  from space 2560K, 93% used [0x00000000ec700000,0x00000000ec953ba8,0x00000000ec980000)
  to   space 2560K, 0% used [0x00000000ec480000,0x00000000ec480000,0x00000000ec700000)
 ParOldGen       total 131584K, used 83609K [0x00000000c0000000, 0x00000000c8080000, 0x00000000eab00000)
  object space 131584K, 63% used [0x00000000c0000000,0x00000000c51a6428,0x00000000c8080000)
 Metaspace       used 68671K, committed 69888K, reserved 1114112K
  class space    used 7425K, committed 8000K, reserved 1048576K
}
Event: 15.213 GC heap after
{Heap after GC invocations=52 (full 5):
 PSYoungGen      total 28672K, used 2542K [0x00000000eab00000, 0x00000000ecc00000, 0x0000000100000000)
  eden space 26112K, 0% used [0x00000000eab00000,0x00000000eab00000,0x00000000ec480000)
  from space 2560K, 99% used [0x00000000ec480000,0x00000000ec6fbbc8,0x00000000ec700000)
  to   space 3072K, 0% used [0x00000000ec900000,0x00000000ec900000,0x00000000ecc00000)
 ParOldGen       total 131584K, used 83881K [0x00000000c0000000, 0x00000000c8080000, 0x00000000eab00000)
  object space 131584K, 63% used [0x00000000c0000000,0x00000000c51ea428,0x00000000c8080000)
 Metaspace       used 68671K, committed 69888K, reserved 1114112K
  class space    used 7425K, committed 8000K, reserved 1048576K
}
Event: 15.245 GC heap before
{Heap before GC invocations=53 (full 5):
 PSYoungGen      total 28672K, used 28654K [0x00000000eab00000, 0x00000000ecc00000, 0x0000000100000000)
  eden space 26112K, 100% used [0x00000000eab00000,0x00000000ec480000,0x00000000ec480000)
  from space 2560K, 99% used [0x00000000ec480000,0x00000000ec6fbbc8,0x00000000ec700000)
  to   space 3072K, 0% used [0x00000000ec900000,0x00000000ec900000,0x00000000ecc00000)
 ParOldGen       total 131584K, used 83881K [0x00000000c0000000, 0x00000000c8080000, 0x00000000eab00000)
  object space 131584K, 63% used [0x00000000c0000000,0x00000000c51ea428,0x00000000c8080000)
 Metaspace       used 68696K, committed 69888K, reserved 1114112K
  class space    used 7427K, committed 8000K, reserved 1048576K
}
Event: 15.247 GC heap after
{Heap after GC invocations=53 (full 5):
 PSYoungGen      total 30720K, used 2639K [0x00000000eab00000, 0x00000000ecc00000, 0x0000000100000000)
  eden space 27648K, 0% used [0x00000000eab00000,0x00000000eab00000,0x00000000ec600000)
  from space 3072K, 85% used [0x00000000ec900000,0x00000000ecb93ee0,0x00000000ecc00000)
  to   space 3072K, 0% used [0x00000000ec600000,0x00000000ec600000,0x00000000ec900000)
 ParOldGen       total 131584K, used 84659K [0x00000000c0000000, 0x00000000c8080000, 0x00000000eab00000)
  object space 131584K, 64% used [0x00000000c0000000,0x00000000c52acd28,0x00000000c8080000)
 Metaspace       used 68696K, committed 69888K, reserved 1114112K
  class space    used 7427K, committed 8000K, reserved 1048576K
}
Event: 15.291 GC heap before
{Heap before GC invocations=54 (full 5):
 PSYoungGen      total 30720K, used 30287K [0x00000000eab00000, 0x00000000ecc00000, 0x0000000100000000)
  eden space 27648K, 100% used [0x00000000eab00000,0x00000000ec600000,0x00000000ec600000)
  from space 3072K, 85% used [0x00000000ec900000,0x00000000ecb93ee0,0x00000000ecc00000)
  to   space 3072K, 0% used [0x00000000ec600000,0x00000000ec600000,0x00000000ec900000)
 ParOldGen       total 131584K, used 84659K [0x00000000c0000000, 0x00000000c8080000, 0x00000000eab00000)
  object space 131584K, 64% used [0x00000000c0000000,0x00000000c52acd28,0x00000000c8080000)
 Metaspace       used 68717K, committed 69952K, reserved 1114112K
  class space    used 7430K, committed 8000K, reserved 1048576K
}
Event: 15.293 GC heap after
{Heap after GC invocations=54 (full 5):
 PSYoungGen      total 30720K, used 2980K [0x00000000eab00000, 0x00000000ecc00000, 0x0000000100000000)
  eden space 27648K, 0% used [0x00000000eab00000,0x00000000eab00000,0x00000000ec600000)
  from space 3072K, 97% used [0x00000000ec600000,0x00000000ec8e9298,0x00000000ec900000)
  to   space 3072K, 0% used [0x00000000ec900000,0x00000000ec900000,0x00000000ecc00000)
 ParOldGen       total 131584K, used 84659K [0x00000000c0000000, 0x00000000c8080000, 0x00000000eab00000)
  object space 131584K, 64% used [0x00000000c0000000,0x00000000c52acd28,0x00000000c8080000)
 Metaspace       used 68717K, committed 69952K, reserved 1114112K
  class space    used 7430K, committed 8000K, reserved 1048576K
}

